<?xml version="1.0" encoding="UTF-8"?>
<!-- Generated by org.testng.reporters.JUnitReportReporter -->
<testsuite hostname="VSP-FN6SN73" failures="0" tests="4" name="actualTests.ProductSearch" time="1.318" errors="0" timestamp="2023-08-21T17:00:28 IST" skipped="0">
  <testcase classname="actualTests.ProductSearch" name="user_opens_the_application" time="0.007"/>
  <testcase classname="actualTests.ProductSearch" name="user_enters_valid_product_into_search_box_field" time="0.299"/>
  <testcase classname="actualTests.ProductSearch" name="user_clicks_on_search_button" time="0.751"/>
  <testcase classname="actualTests.ProductSearch" name="user_should_get_valid_product_displayed_in_search_results" time="0.261"/>
</testsuite> <!-- actualTests.ProductSearch -->
