<?xml version="1.0" encoding="UTF-8"?>
<!-- Generated by org.testng.reporters.JUnitReportReporter -->
<testsuite hostname="VSP-FN6SN73" failures="0" tests="5" name="actualTests.RegisterUser" time="7.980" errors="0" timestamp="2023-07-23T22:23:21 IST" skipped="0">
  <testcase classname="actualTests.RegisterUser" name="user_navigates_to_register_account_page" time="1.487"/>
  <testcase classname="actualTests.RegisterUser" name="user_enters_the_details_to_register" time="1.212"/>
  <testcase classname="actualTests.RegisterUser" name="user_clicks_on_continue_button" time="1.097"/>
  <testcase classname="actualTests.RegisterUser" name="user_account_should_get_created_successfully" time="3.306"/>
  <testcase classname="actualTests.RegisterUser" name="user_clicks_on_account_logout" time="0.878"/>
</testsuite> <!-- actualTests.RegisterUser -->
