<?xml version="1.0" encoding="UTF-8"?>
<!-- Generated by org.testng.reporters.JUnitReportReporter -->
<testsuite hostname="VSP-FN6SN73" failures="0" tests="4" name="actualTests.Login" time="26.940" errors="0" timestamp="2023-07-23T20:25:23 IST" skipped="0">
  <testcase classname="actualTests.Login" name="user_navigates_to_login_page" time="0.667"/>
  <testcase classname="actualTests.Login" name="user_successfull_login" time="1.561"/>
  <testcase classname="actualTests.Login" name="user_should_get_successfully_logged_in" time="10.225"/>
  <testcase classname="actualTests.Login" name="user_clicks_on_account_logout" time="14.487"/>
</testsuite> <!-- actualTests.Login -->
