<?xml version="1.0" encoding="UTF-8"?>
<!-- Generated by org.testng.reporters.JUnitReportReporter -->
<testsuite hostname="VSP-FN6SN73" failures="0" tests="4" name="actualTests.ProductSearch" time="1.347" errors="0" timestamp="2023-07-23T22:23:21 IST" skipped="0">
  <testcase classname="actualTests.ProductSearch" name="user_opens_the_application" time="0.006"/>
  <testcase classname="actualTests.ProductSearch" name="user_enters_valid_product_into_search_box_field" time="0.269"/>
  <testcase classname="actualTests.ProductSearch" name="user_clicks_on_search_button" time="0.818"/>
  <testcase classname="actualTests.ProductSearch" name="user_should_get_valid_product_displayed_in_search_results" time="0.254"/>
</testsuite> <!-- actualTests.ProductSearch -->
