<?xml version="1.0" encoding="UTF-8"?>
<!-- Generated by org.testng.reporters.JUnitReportReporter -->
<testsuite hostname="VSP-FN6SN73" failures="0" tests="4" name="actualTests.Search" time="1.375" errors="0" timestamp="2023-07-23T20:25:23 IST" skipped="0">
  <testcase classname="actualTests.Search" name="user_opens_the_application" time="0.005"/>
  <testcase classname="actualTests.Search" name="user_enters_valid_product_into_search_box_field" time="0.319"/>
  <testcase classname="actualTests.Search" name="user_clicks_on_search_button" time="0.793"/>
  <testcase classname="actualTests.Search" name="user_should_get_valid_product_displayed_in_search_results" time="0.258"/>
</testsuite> <!-- actualTests.Search -->
