<?xml version="1.0" encoding="UTF-8"?>
<!-- Generated by org.testng.reporters.JUnitReportReporter -->
<testsuite hostname="VSP-FN6SN73" failures="0" tests="4" name="actualTests.LoginLogout" time="27.027" errors="0" timestamp="2023-07-23T22:23:21 IST" skipped="0">
  <testcase classname="actualTests.LoginLogout" name="user_navigates_to_login_page" time="0.677"/>
  <testcase classname="actualTests.LoginLogout" name="user_successfull_login" time="1.529"/>
  <testcase classname="actualTests.LoginLogout" name="user_successfully_logged_in" time="10.245"/>
  <testcase classname="actualTests.LoginLogout" name="user_clicks_on_account_logout" time="14.576"/>
</testsuite> <!-- actualTests.LoginLogout -->
