<?xml version="1.0" encoding="UTF-8"?>
<!-- Generated by org.testng.reporters.JUnitReportReporter -->
<testsuite hostname="VSP-FN6SN73" failures="0" tests="5" name="actualTests.RegisterUser" time="8.437" errors="0" timestamp="2023-08-21T17:00:28 IST" skipped="0">
  <testcase classname="actualTests.RegisterUser" name="user_navigates_to_register_account_page" time="1.849"/>
  <testcase classname="actualTests.RegisterUser" name="user_enters_the_details_to_register" time="1.179"/>
  <testcase classname="actualTests.RegisterUser" name="user_clicks_on_continue_button" time="1.130"/>
  <testcase classname="actualTests.RegisterUser" name="user_account_should_get_created_successfully" time="3.294"/>
  <testcase classname="actualTests.RegisterUser" name="user_clicks_on_account_logout" time="0.985"/>
</testsuite> <!-- actualTests.RegisterUser -->
