<?xml version="1.0" encoding="UTF-8"?>
<!-- Generated by org.testng.reporters.JUnitReportReporter -->
<testsuite hostname="VSP-FN6SN73" failures="0" tests="5" name="actualTests.Register" time="8.158" errors="0" timestamp="2023-07-23T20:25:23 IST" skipped="0">
  <testcase classname="actualTests.Register" name="user_navigates_to_register_account_page" time="1.650"/>
  <testcase classname="actualTests.Register" name="user_enters_the_details_into_below_fields" time="1.209"/>
  <testcase classname="actualTests.Register" name="user_clicks_on_continue_button" time="1.057"/>
  <testcase classname="actualTests.Register" name="user_account_should_get_created_successfully" time="3.318"/>
  <testcase classname="actualTests.Register" name="user_clicks_on_account_logout" time="0.924"/>
</testsuite> <!-- actualTests.Register -->
