<?xml version="1.0" encoding="UTF-8"?>
<!-- Generated by org.testng.reporters.JUnitReportReporter -->
<testsuite hostname="VSP-FN6SN73" failures="0" tests="2" name="actualTests.PlaceOrderAsRegisteredUser" time="19.516" errors="0" timestamp="2023-07-23T22:23:21 IST" skipped="0">
  <testcase classname="actualTests.PlaceOrderAsRegisteredUser" name="user_opens_the_application" time="0.004"/>
  <testcase classname="actualTests.PlaceOrderAsRegisteredUser" name="user_proceeding_for_checkout_product_as_registered_user" time="19.512"/>
</testsuite> <!-- actualTests.PlaceOrderAsRegisteredUser -->
