<?xml version="1.0" encoding="UTF-8"?>
<!-- Generated by org.testng.reporters.JUnitReportReporter -->
<testsuite hostname="VSP-FN6SN73" failures="0" tests="3" name="actualTests.ForgottenPassword" time="2.626" errors="0" timestamp="2023-08-21T17:00:28 IST" skipped="0">
  <testcase classname="actualTests.ForgottenPassword" name="user_opens_the_application" time="0.001"/>
  <testcase classname="actualTests.ForgottenPassword" name="user_clicks_on_login_button_from_myaccount" time="0.757"/>
  <testcase classname="actualTests.ForgottenPassword" name="verify_forgotten_password_functionality" time="1.868"/>
</testsuite> <!-- actualTests.ForgottenPassword -->
