<?xml version="1.0" encoding="UTF-8"?>
<!-- Generated by org.testng.reporters.JUnitReportReporter -->
<testsuite hostname="VSP-FN6SN73" failures="0" tests="2" name="actualTests.PlaceOrderAsGuest" time="22.647" errors="0" timestamp="2023-07-23T22:23:21 IST" skipped="0">
  <testcase classname="actualTests.PlaceOrderAsGuest" name="user_opens_the_application" time="0.001"/>
  <testcase classname="actualTests.PlaceOrderAsGuest" name="user_proceeding_for_checkout_product_as_guest" time="22.646"/>
</testsuite> <!-- actualTests.PlaceOrderAsGuest -->
